Determining if the pthread_create exist failed with the following output:
Change Dir: /home/ares/vision_ws/build/CMakeFiles/CMakeTmp

Run Build Command:/usr/bin/make "cmTryCompileExec283792734/fast"
/usr/bin/make -f CMakeFiles/cmTryCompileExec283792734.dir/build.make CMakeFiles/cmTryCompileExec283792734.dir/build
make[1]: Entering directory `/home/ares/vision_ws/build/CMakeFiles/CMakeTmp'
/usr/bin/cmake -E cmake_progress_report /home/ares/vision_ws/build/CMakeFiles/CMakeTmp/CMakeFiles 1
Building C object CMakeFiles/cmTryCompileExec283792734.dir/CheckSymbolExists.c.o
/usr/bin/cc    -o CMakeFiles/cmTryCompileExec283792734.dir/CheckSymbolExists.c.o   -c /home/ares/vision_ws/build/CMakeFiles/CMakeTmp/CheckSymbolExists.c
Linking C executable cmTryCompileExec283792734
/usr/bin/cmake -E cmake_link_script CMakeFiles/cmTryCompileExec283792734.dir/link.txt --verbose=1
/usr/bin/cc       CMakeFiles/cmTryCompileExec283792734.dir/CheckSymbolExists.c.o  -o cmTryCompileExec283792734 -rdynamic 
CMakeFiles/cmTryCompileExec283792734.dir/CheckSymbolExists.c.o: In function `main':
CheckSymbolExists.c:(.text+0xa): undefined reference to `pthread_create'
collect2: error: ld returned 1 exit status
make[1]: *** [cmTryCompileExec283792734] Error 1
make[1]: Leaving directory `/home/ares/vision_ws/build/CMakeFiles/CMakeTmp'
make: *** [cmTryCompileExec283792734/fast] Error 2

File /home/ares/vision_ws/build/CMakeFiles/CMakeTmp/CheckSymbolExists.c:
/* */
#include <pthread.h>

int main(int argc, char** argv)
{
  (void)argv;
#ifndef pthread_create
  return ((int*)(&pthread_create))[argc];
#else
  (void)argc;
  return 0;
#endif
}

Determining if the function pthread_create exists in the pthreads failed with the following output:
Change Dir: /home/ares/vision_ws/build/CMakeFiles/CMakeTmp

Run Build Command:/usr/bin/make "cmTryCompileExec3233362094/fast"
/usr/bin/make -f CMakeFiles/cmTryCompileExec3233362094.dir/build.make CMakeFiles/cmTryCompileExec3233362094.dir/build
make[1]: Entering directory `/home/ares/vision_ws/build/CMakeFiles/CMakeTmp'
/usr/bin/cmake -E cmake_progress_report /home/ares/vision_ws/build/CMakeFiles/CMakeTmp/CMakeFiles 1
Building C object CMakeFiles/cmTryCompileExec3233362094.dir/CheckFunctionExists.c.o
/usr/bin/cc   -DCHECK_FUNCTION_EXISTS=pthread_create   -o CMakeFiles/cmTryCompileExec3233362094.dir/CheckFunctionExists.c.o   -c /usr/share/cmake-2.8/Modules/CheckFunctionExists.c
Linking C executable cmTryCompileExec3233362094
/usr/bin/cmake -E cmake_link_script CMakeFiles/cmTryCompileExec3233362094.dir/link.txt --verbose=1
/usr/bin/cc   -DCHECK_FUNCTION_EXISTS=pthread_create    CMakeFiles/cmTryCompileExec3233362094.dir/CheckFunctionExists.c.o  -o cmTryCompileExec3233362094 -rdynamic -lpthreads 
/usr/bin/ld: cannot find -lpthreads
collect2: error: ld returned 1 exit status
make[1]: Leaving directory `/home/ares/vision_ws/build/CMakeFiles/CMakeTmp'
make[1]: *** [cmTryCompileExec3233362094] Error 1
make: *** [cmTryCompileExec3233362094/fast] Error 2


